{"C:\\Users\\38068\\Documents\\GitHub\\node_1\\src\\controllers\\songs.js": {"path":"C:\\Users\\38068\\Documents\\GitHub\\node_1\\src\\controllers\\songs.js","statementMap":{"0":{"start":{"line":1,"column":16},"end":{"line":1,"column":44}},"1":{"start":{"line":3,"column":17},"end":{"line":8,"column":1}},"2":{"start":{"line":4,"column":21},"end":{"line":4,"column":30}},"3":{"start":{"line":6,"column":16},"end":{"line":6,"column":53}},"4":{"start":{"line":7,"column":2},"end":{"line":7,"column":18}},"5":{"start":{"line":10,"column":19},"end":{"line":14,"column":1}},"6":{"start":{"line":11,"column":17},"end":{"line":11,"column":27}},"7":{"start":{"line":12,"column":18},"end":{"line":12,"column":53}},"8":{"start":{"line":13,"column":2},"end":{"line":13,"column":79}},"9":{"start":{"line":16,"column":19},"end":{"line":20,"column":1}},"10":{"start":{"line":17,"column":19},"end":{"line":17,"column":22}},"11":{"start":{"line":18,"column":18},"end":{"line":18,"column":55}},"12":{"start":{"line":19,"column":2},"end":{"line":19,"column":32}},"13":{"start":{"line":22,"column":19},"end":{"line":28,"column":1}},"14":{"start":{"line":23,"column":17},"end":{"line":23,"column":27}},"15":{"start":{"line":24,"column":22},"end":{"line":24,"column":57}},"16":{"start":{"line":25,"column":2},"end":{"line":27,"column":53}},"17":{"start":{"line":30,"column":17},"end":{"line":37,"column":1}},"18":{"start":{"line":31,"column":17},"end":{"line":31,"column":27}},"19":{"start":{"line":32,"column":19},"end":{"line":32,"column":22}},"20":{"start":{"line":33,"column":21},"end":{"line":33,"column":60}},"21":{"start":{"line":34,"column":2},"end":{"line":36,"column":53}},"22":{"start":{"line":39,"column":25},"end":{"line":46,"column":1}},"23":{"start":{"line":40,"column":17},"end":{"line":40,"column":27}},"24":{"start":{"line":41,"column":19},"end":{"line":41,"column":22}},"25":{"start":{"line":42,"column":21},"end":{"line":42,"column":68}},"26":{"start":{"line":43,"column":2},"end":{"line":45,"column":53}},"27":{"start":{"line":48,"column":0},"end":{"line":55,"column":2}}},"fnMap":{"0":{"name":"(anonymous_0)","decl":{"start":{"line":3,"column":17},"end":{"line":3,"column":18}},"loc":{"start":{"line":3,"column":37},"end":{"line":8,"column":1}},"line":3},"1":{"name":"(anonymous_1)","decl":{"start":{"line":10,"column":19},"end":{"line":10,"column":20}},"loc":{"start":{"line":10,"column":39},"end":{"line":14,"column":1}},"line":10},"2":{"name":"(anonymous_2)","decl":{"start":{"line":16,"column":19},"end":{"line":16,"column":20}},"loc":{"start":{"line":16,"column":39},"end":{"line":20,"column":1}},"line":16},"3":{"name":"(anonymous_3)","decl":{"start":{"line":22,"column":19},"end":{"line":22,"column":20}},"loc":{"start":{"line":22,"column":39},"end":{"line":28,"column":1}},"line":22},"4":{"name":"(anonymous_4)","decl":{"start":{"line":30,"column":17},"end":{"line":30,"column":18}},"loc":{"start":{"line":30,"column":37},"end":{"line":37,"column":1}},"line":30},"5":{"name":"(anonymous_5)","decl":{"start":{"line":39,"column":25},"end":{"line":39,"column":26}},"loc":{"start":{"line":39,"column":45},"end":{"line":46,"column":1}},"line":39}},"branchMap":{"0":{"loc":{"start":{"line":13,"column":2},"end":{"line":13,"column":78}},"type":"cond-expr","locations":[{"start":{"line":13,"column":12},"end":{"line":13,"column":29}},{"start":{"line":13,"column":32},"end":{"line":13,"column":78}}],"line":13},"1":{"loc":{"start":{"line":25,"column":2},"end":{"line":27,"column":52}},"type":"cond-expr","locations":[{"start":{"line":26,"column":6},"end":{"line":26,"column":27}},{"start":{"line":27,"column":6},"end":{"line":27,"column":52}}],"line":25},"2":{"loc":{"start":{"line":34,"column":2},"end":{"line":36,"column":52}},"type":"cond-expr","locations":[{"start":{"line":35,"column":6},"end":{"line":35,"column":26}},{"start":{"line":36,"column":6},"end":{"line":36,"column":52}}],"line":34},"3":{"loc":{"start":{"line":43,"column":2},"end":{"line":45,"column":52}},"type":"cond-expr","locations":[{"start":{"line":44,"column":6},"end":{"line":44,"column":26}},{"start":{"line":45,"column":6},"end":{"line":45,"column":52}}],"line":43}},"s":{"0":1,"1":1,"2":0,"3":0,"4":0,"5":1,"6":0,"7":0,"8":0,"9":1,"10":0,"11":0,"12":0,"13":1,"14":0,"15":0,"16":0,"17":1,"18":1,"19":1,"20":1,"21":1,"22":1,"23":0,"24":0,"25":0,"26":0,"27":1},"f":{"0":0,"1":0,"2":0,"3":0,"4":1,"5":0},"b":{"0":[0,0],"1":[0,0],"2":[1,0],"3":[0,0]},"_coverageSchema":"1a1c01bbd47fc00a2c39e90264f33305004495a9","hash":"0a10b861936db448040deacb3d5e59c744e53a7c"}
,"C:\\Users\\38068\\Documents\\GitHub\\node_1\\src\\models\\song.js": {"path":"C:\\Users\\38068\\Documents\\GitHub\\node_1\\src\\models\\song.js","statementMap":{"0":{"start":{"line":1,"column":26},"end":{"line":1,"column":45}},"1":{"start":{"line":2,"column":12},"end":{"line":2,"column":26}},"2":{"start":{"line":3,"column":0},"end":{"line":3,"column":44}},"3":{"start":{"line":5,"column":19},"end":{"line":27,"column":1}},"4":{"start":{"line":29,"column":18},"end":{"line":34,"column":2}},"5":{"start":{"line":36,"column":17},"end":{"line":38,"column":2}},"6":{"start":{"line":40,"column":21},"end":{"line":45,"column":9}},"7":{"start":{"line":47,"column":23},"end":{"line":49,"column":2}},"8":{"start":{"line":51,"column":16},"end":{"line":51,"column":69}},"9":{"start":{"line":53,"column":13},"end":{"line":53,"column":38}},"10":{"start":{"line":55,"column":0},"end":{"line":58,"column":2}}},"fnMap":{},"branchMap":{},"s":{"0":1,"1":1,"2":1,"3":1,"4":1,"5":1,"6":1,"7":1,"8":1,"9":1,"10":1},"f":{},"b":{},"_coverageSchema":"1a1c01bbd47fc00a2c39e90264f33305004495a9","hash":"5c7eacff1cd07e373f9b56b17dbb0b0b72a26f97"}
,"C:\\Users\\38068\\Documents\\GitHub\\node_1\\src\\services\\songs.js": {"path":"C:\\Users\\38068\\Documents\\GitHub\\node_1\\src\\services\\songs.js","statementMap":{"0":{"start":{"line":1,"column":17},"end":{"line":1,"column":42}},"1":{"start":{"line":3,"column":24},"end":{"line":11,"column":1}},"2":{"start":{"line":4,"column":22},"end":{"line":4,"column":39}},"3":{"start":{"line":5,"column":53},"end":{"line":5,"column":64}},"4":{"start":{"line":6,"column":17},"end":{"line":9,"column":4}},"5":{"start":{"line":10,"column":2},"end":{"line":10,"column":16}},"6":{"start":{"line":13,"column":26},"end":{"line":16,"column":1}},"7":{"start":{"line":14,"column":17},"end":{"line":14,"column":40}},"8":{"start":{"line":15,"column":2},"end":{"line":15,"column":16}},"9":{"start":{"line":18,"column":26},"end":{"line":21,"column":1}},"10":{"start":{"line":19,"column":17},"end":{"line":19,"column":40}},"11":{"start":{"line":20,"column":2},"end":{"line":20,"column":16}},"12":{"start":{"line":23,"column":26},"end":{"line":26,"column":1}},"13":{"start":{"line":24,"column":17},"end":{"line":24,"column":49}},"14":{"start":{"line":25,"column":2},"end":{"line":25,"column":16}},"15":{"start":{"line":28,"column":24},"end":{"line":31,"column":1}},"16":{"start":{"line":29,"column":17},"end":{"line":29,"column":70}},"17":{"start":{"line":30,"column":2},"end":{"line":30,"column":16}},"18":{"start":{"line":33,"column":32},"end":{"line":36,"column":1}},"19":{"start":{"line":34,"column":17},"end":{"line":34,"column":70}},"20":{"start":{"line":35,"column":2},"end":{"line":35,"column":16}},"21":{"start":{"line":38,"column":0},"end":{"line":45,"column":2}}},"fnMap":{"0":{"name":"(anonymous_0)","decl":{"start":{"line":3,"column":24},"end":{"line":3,"column":25}},"loc":{"start":{"line":3,"column":47},"end":{"line":11,"column":1}},"line":3},"1":{"name":"(anonymous_1)","decl":{"start":{"line":13,"column":26},"end":{"line":13,"column":27}},"loc":{"start":{"line":13,"column":40},"end":{"line":16,"column":1}},"line":13},"2":{"name":"(anonymous_2)","decl":{"start":{"line":18,"column":26},"end":{"line":18,"column":27}},"loc":{"start":{"line":18,"column":42},"end":{"line":21,"column":1}},"line":18},"3":{"name":"(anonymous_3)","decl":{"start":{"line":23,"column":26},"end":{"line":23,"column":27}},"loc":{"start":{"line":23,"column":40},"end":{"line":26,"column":1}},"line":23},"4":{"name":"(anonymous_4)","decl":{"start":{"line":28,"column":24},"end":{"line":28,"column":25}},"loc":{"start":{"line":28,"column":44},"end":{"line":31,"column":1}},"line":28},"5":{"name":"(anonymous_5)","decl":{"start":{"line":33,"column":32},"end":{"line":33,"column":33}},"loc":{"start":{"line":33,"column":52},"end":{"line":36,"column":1}},"line":33}},"branchMap":{"0":{"loc":{"start":{"line":3,"column":31},"end":{"line":3,"column":42}},"type":"default-arg","locations":[{"start":{"line":3,"column":40},"end":{"line":3,"column":42}}],"line":3},"1":{"loc":{"start":{"line":5,"column":11},"end":{"line":5,"column":21}},"type":"default-arg","locations":[{"start":{"line":5,"column":19},"end":{"line":5,"column":21}}],"line":5},"2":{"loc":{"start":{"line":5,"column":25},"end":{"line":5,"column":49}},"type":"default-arg","locations":[{"start":{"line":5,"column":36},"end":{"line":5,"column":49}}],"line":5}},"s":{"0":1,"1":1,"2":0,"3":0,"4":0,"5":0,"6":1,"7":0,"8":0,"9":1,"10":0,"11":0,"12":1,"13":0,"14":0,"15":1,"16":0,"17":0,"18":1,"19":0,"20":0,"21":1},"f":{"0":0,"1":0,"2":0,"3":0,"4":0,"5":0},"b":{"0":[0],"1":[0],"2":[0]},"_coverageSchema":"1a1c01bbd47fc00a2c39e90264f33305004495a9","hash":"c5d425d8cd8c09727b8091c5092430aa9e028cbc"}
}
